<?xml version="1.0" encoding="UTF-8"?>
<testng-results ignored="0" total="1" passed="1" failed="0" skipped="0">
  <reporter-output>
  </reporter-output>
  <suite started-at="2024-07-19T17:05:57 IST" name="Default suite" finished-at="2024-07-19T17:06:16 IST" duration-ms="18937">
    <groups>
    </groups>
    <test started-at="2024-07-19T17:05:57 IST" name="Default test" finished-at="2024-07-19T17:06:16 IST" duration-ms="18937">
      <class name="pgobject1.created">
        <test-method signature="ohrm()[pri:0, instance:pgobject1.created@323b36e0]" started-at="2024-07-19T17:05:57 IST" name="ohrm" finished-at="2024-07-19T17:06:16 IST" duration-ms="18873" status="PASS">
          <reporter-output>
          </reporter-output>
        </test-method> <!-- ohrm -->
      </class> <!-- pgobject1.created -->
    </test> <!-- Default test -->
  </suite> <!-- Default suite -->
</testng-results>
